<?xml version="1.0" encoding="UTF-8"?>
<!-- Generated by org.testng.reporters.JUnitReportReporter -->
<testsuite hostname="testengineer" failures="0" tests="7" name="com.tat.JavaQuesTest" time="12.945" errors="0" timestamp="2024-04-02T22:04:04 EDT" skipped="3">
  <testcase classname="com.tat.JavaQuesTest" name="Test7" time="3.771"/>
  <system-out/>
  <testcase classname="com.tat.JavaQuesTest" name="Test6" time="4.302"/>
  <system-out/>
  <testcase classname="com.tat.JavaQuesTest" name="Test5" time="2.117"/>
  <system-out/>
  <testcase classname="com.tat.JavaQuesTest" name="Test4" time="2.755"/>
  <system-out/>
  <testcase classname="com.tat.JavaQuesTest" name="testCheckIn7090">
    <skipped/>
  </testcase> <!-- testCheckIn7090 -->
  <system-out/>
  <testcase classname="com.tat.JavaQuesTest" name="Test3">
    <skipped/>
  </testcase> <!-- Test3 -->
  <system-out/>
  <testcase classname="com.tat.JavaQuesTest" name="Test2">
    <skipped/>
  </testcase> <!-- Test2 -->
  <system-out/>
</testsuite> <!-- com.tat.JavaQuesTest -->
