<?xml version="1.0" encoding="UTF-8"?>
<!-- Generated by org.testng.reporters.JUnitReportReporter -->
<testsuite hostname="testengineer" failures="0" tests="5" name="com.tat.MainTest" time="0.002" errors="0" timestamp="2024-04-02T21:47:55 EDT" skipped="0">
  <testcase classname="com.tat.MainTest" name="TC01_testComplexFinancialMethod_bothNumbersMoreThan100" time="0.001"/>
  <system-out/>
  <testcase classname="com.tat.MainTest" name="TC04_testComplexFinancialMethod_oneNegativeOnePositive" time="0.000"/>
  <system-out/>
  <testcase classname="com.tat.MainTest" name="TC03_testComplexFinancialMethod" time="0.000"/>
  <system-out/>
  <testcase classname="com.tat.MainTest" name="TC05_testComplexFinancialMethod_bothNegative" time="0.000"/>
  <system-out/>
  <testcase classname="com.tat.MainTest" name="TC02_testComplexFinancialMethod_bothNumbersLessThan100MoreThan0" time="0.001"/>
  <system-out/>
</testsuite> <!-- com.tat.MainTest -->
