<?xml version="1.0" encoding="UTF-8"?>
<!-- Generated by org.testng.reporters.JUnitReportReporter -->
<testsuite hostname="testengineer" failures="0" tests="4" name="funtional.UiTest" time="0.168" errors="0" timestamp="2024-04-09T23:16:10 EDT" skipped="1">
  <testcase classname="funtional.UiTest" name="ReadProps" time="0.002"/>
  <system-out/>
  <testcase classname="funtional.UiTest" name="TestRadio" time="0.076"/>
  <system-out/>
  <testcase classname="funtional.UiTest" name="TestCheckbox" time="0.090"/>
  <system-out/>
  <testcase classname="funtional.UiTest" name="TestOtherThings">
    <skipped/>
  </testcase> <!-- TestOtherThings -->
  <system-out/>
</testsuite> <!-- funtional.UiTest -->
