<?xml version="1.0" encoding="UTF-8"?>
<!-- Generated by org.testng.reporters.JUnitReportReporter -->
<testsuite hostname="testengineer" failures="0" tests="6" name="com.tat.JavaQuesTest" time="7.666" errors="0" timestamp="2024-04-09T21:24:53 EDT" skipped="3">
  <testcase classname="com.tat.JavaQuesTest" name="TestOnFirefox2" time="0.676"/>
  <system-out/>
  <testcase classname="com.tat.JavaQuesTest" name="TestOnFirefox" time="3.874"/>
  <system-out/>
  <testcase classname="com.tat.JavaQuesTest" name="TestOnFirefox3" time="3.116"/>
  <system-out/>
  <testcase classname="com.tat.JavaQuesTest" name="TestOnChrome">
    <skipped/>
  </testcase> <!-- TestOnChrome -->
  <system-out/>
  <testcase classname="com.tat.JavaQuesTest" name="TestOnChrome3">
    <skipped/>
  </testcase> <!-- TestOnChrome3 -->
  <system-out/>
  <testcase classname="com.tat.JavaQuesTest" name="testCheckIn7090">
    <skipped/>
  </testcase> <!-- testCheckIn7090 -->
  <system-out/>
</testsuite> <!-- com.tat.JavaQuesTest -->
