<?xml version="1.0" encoding="UTF-8"?>
<!-- Generated by org.testng.reporters.JUnitReportReporter -->
<testsuite hostname="testengineer" failures="0" tests="4" name="funtional.UiTest" time="0.201" errors="0" timestamp="2024-04-09T21:25:52 EDT" skipped="0">
  <testcase classname="funtional.UiTest" name="ReadProps" time="0.001"/>
  <system-out/>
  <testcase classname="funtional.UiTest" name="TestOtherThings" time="0.001"/>
  <system-out/>
  <testcase classname="funtional.UiTest" name="TestRadio" time="0.087"/>
  <system-out/>
  <testcase classname="funtional.UiTest" name="TestCheckbox" time="0.112"/>
  <system-out/>
</testsuite> <!-- funtional.UiTest -->
